<?xml version="1.0" encoding="UTF-8"?>
<testsuite xmlns:xsi="http://www.w3.org/2001/XMLSchema-instance" xsi:noNamespaceSchemaLocation="https://maven.apache.org/surefire/maven-surefire-plugin/xsd/surefire-test-report.xsd" version="3.0.2" name="com.coforge.training.customersoft.ShopstopServiceApplicationTests" time="7.402" tests="1" errors="0" skipped="0" failures="0">
  <properties>
[...]
</properties>
  <testcase name="contextLoads" classname="com.coforge.training.customersoft.ShopstopServiceApplicationTests" time="0.887">
    <system-out><![CDATA[15:04:35.130 [main] INFO org.springframework.test.context.support.AnnotationConfigContextLoaderUtils -- Could not detect default configuration classes for test class [com.coforge.training.customersoft.ShopstopServiceApplicationTests]: ShopstopServiceApplicationTests does not declare any static, non-private, non-final, nested classes annotated with @Configuration.
15:04:35.261 [main] INFO org.springframework.boot.test.context.SpringBootTestContextBootstrapper -- Found @SpringBootConfiguration com.coforge.training.customersoft.ShopstopServiceApplication for test class com.coforge.training.customersoft.ShopstopServiceApplicationTests
15:04:35.613 [main] INFO org.springframework.boot.devtools.restart.RestartApplicationListener -- Restart disabled due to context in which it is running

  .   ____          _            __ _ _
 /\\ / ___'_ __ _ _(_)_ __  __ _ \ \ \ \
( ( )\___ | '_ | '_| | '_ \/ _` | \ \ \ \
 \\/  ___)| |_)| | | | | || (_| |  ) ) ) )
  '  |____| .__|_| |_|_| |_\__, | / / / /
 =========|_|==============|___/=/_/_/_/

 :: Spring Boot ::                (v3.5.4)

2026-07-29T15:04:35.969+05:30  INFO 44821 --- [shopstop-service] [           main] c.c.t.c.ShopstopServiceApplicationTests  : Starting ShopstopServiceApplicationTests using Java 21.0.11 with PID 44821 (started by sushank2 in /Users/sushank2/Documents/training/microservices-workspace/shopstop-service)
2026-07-29T15:04:35.971+05:30  INFO 44821 --- [shopstop-service] [           main] c.c.t.c.ShopstopServiceApplicationTests  : No active profile set, falling back to 1 default profile: "default"
2026-07-29T15:04:37.564+05:30  INFO 44821 --- [shopstop-service] [           main] o.s.cloud.context.scope.GenericScope     : BeanFactory id=ac10c597-dd44-39a6-8469-5c734da723f5
2026-07-29T15:04:38.538+05:30  INFO 44821 --- [shopstop-service] [           main] o.s.c.openfeign.FeignClientFactoryBean   : For 'customer-service' URL not provided. Will try picking an instance via load-balancing.
2026-07-29T15:04:40.612+05:30  INFO 44821 --- [shopstop-service] [           main] DiscoveryClientOptionalArgsConfiguration : Eureka HTTP Client uses RestTemplate.
2026-07-29T15:04:40.669+05:30  WARN 44821 --- [shopstop-service] [           main] iguration$LoadBalancerCaffeineWarnLogger : Spring Cloud LoadBalancer is currently working with the default cache. While this cache implementation is useful for development and tests, it's recommended to use Caffeine cache in production.You can switch to using Caffeine cache, by adding it and org.springframework.cache.caffeine.CaffeineCacheManager to the classpath.
2026-07-29T15:04:40.698+05:30  INFO 44821 --- [shopstop-service] [           main] o.s.b.a.e.web.EndpointLinksResolver      : Exposing 26 endpoints beneath base path '/actuator'
2026-07-29T15:04:40.782+05:30  INFO 44821 --- [shopstop-service] [           main] o.s.c.n.eureka.InstanceInfoFactory       : Setting initial instance status as: STARTING
2026-07-29T15:04:40.809+05:30  INFO 44821 --- [shopstop-service] [           main] com.netflix.discovery.DiscoveryClient    : Initializing Eureka in region us-east-1
2026-07-29T15:04:40.813+05:30  INFO 44821 --- [shopstop-service] [           main] c.n.d.s.r.aws.ConfigClusterResolver      : Resolving eureka endpoints via configuration
2026-07-29T15:04:40.821+05:30  INFO 44821 --- [shopstop-service] [           main] com.netflix.discovery.DiscoveryClient    : Disable delta property : false
2026-07-29T15:04:40.821+05:30  INFO 44821 --- [shopstop-service] [           main] com.netflix.discovery.DiscoveryClient    : Single vip registry refresh property : null
2026-07-29T15:04:40.821+05:30  INFO 44821 --- [shopstop-service] [           main] com.netflix.discovery.DiscoveryClient    : Force full registry fetch : false
2026-07-29T15:04:40.821+05:30  INFO 44821 --- [shopstop-service] [           main] com.netflix.discovery.DiscoveryClient    : Application is null : false
2026-07-29T15:04:40.821+05:30  INFO 44821 --- [shopstop-service] [           main] com.netflix.discovery.DiscoveryClient    : Registered Applications size is zero : true
2026-07-29T15:04:40.822+05:30  INFO 44821 --- [shopstop-service] [           main] com.netflix.discovery.DiscoveryClient    : Application version is -1: true
2026-07-29T15:04:40.822+05:30  INFO 44821 --- [shopstop-service] [           main] com.netflix.discovery.DiscoveryClient    : Getting all instance registry info from the eureka server
2026-07-29T15:04:41.315+05:30  INFO 44821 --- [shopstop-service] [           main] com.netflix.discovery.DiscoveryClient    : The response status is 200
2026-07-29T15:04:41.317+05:30  INFO 44821 --- [shopstop-service] [           main] com.netflix.discovery.DiscoveryClient    : Starting heartbeat executor: renew interval is: 30
2026-07-29T15:04:41.319+05:30  INFO 44821 --- [shopstop-service] [           main] c.n.discovery.InstanceInfoReplicator     : InstanceInfoReplicator onDemand update allowed rate per min is 4
2026-07-29T15:04:41.321+05:30  INFO 44821 --- [shopstop-service] [           main] com.netflix.discovery.DiscoveryClient    : Discovery Client initialized at timestamp 1785317681320 with initial instances count: 3
2026-07-29T15:04:41.333+05:30  INFO 44821 --- [shopstop-service] [           main] o.s.c.n.e.s.EurekaServiceRegistry        : Registering application SHOPSTOP-SERVICE with eureka with status UP
2026-07-29T15:04:41.334+05:30  INFO 44821 --- [shopstop-service] [           main] com.netflix.discovery.DiscoveryClient    : Saw local status change event StatusChangeEvent [timestamp=1785317681334, current=UP, previous=STARTING]
2026-07-29T15:04:41.335+05:30  INFO 44821 --- [shopstop-service] [foReplicator-%d] com.netflix.discovery.DiscoveryClient    : DiscoveryClient_SHOPSTOP-SERVICE/172.34.3.106:shopstop-service:8092: registering service...
2026-07-29T15:04:41.361+05:30  INFO 44821 --- [shopstop-service] [           main] c.c.t.c.ShopstopServiceApplicationTests  : Started ShopstopServiceApplicationTests in 5.763 seconds (process running for 7.056)
2026-07-29T15:04:41.380+05:30  INFO 44821 --- [shopstop-service] [foReplicator-%d] com.netflix.discovery.DiscoveryClient    : DiscoveryClient_SHOPSTOP-SERVICE/172.34.3.106:shopstop-service:8092 - registration status: 204
]]></system-out>
    <system-err><![CDATA[Mockito is currently self-attaching to enable the inline-mock-maker. This will no longer work in future releases of the JDK. Please add Mockito as an agent to your build as described in Mockito's documentation: https://javadoc.io/doc/org.mockito/mockito-core/latest/org.mockito/org/mockito/Mockito.html#0.3
WARNING: A Java agent has been loaded dynamically (/Users/sushank2/.m2/repository/net/bytebuddy/byte-buddy-agent/1.17.6/byte-buddy-agent-1.17.6.jar)
WARNING: If a serviceability tool is in use, please run with -XX:+EnableDynamicAgentLoading to hide this warning
WARNING: If a serviceability tool is not in use, please run with -Djdk.instrument.traceUsage for more information
WARNING: Dynamic loading of agents will be disallowed by default in a future release
]]></system-err>
  </testcase>
</testsuite>